<?xml version="1.0" encoding="UTF-8"?>
<!-- Generated by org.testng.reporters.JUnitReportReporter -->
<testsuite hostname="LTIN274043" failures="0" tests="8" name="testCases.TC001_TRAVELINSURANCE" time="102.664" errors="0" timestamp="2024-03-08T10:55:18 IST" skipped="0">
  <testcase classname="testCases.TC001_TRAVELINSURANCE" name="travelInsuranceClickTest" time="46.490"/>
  <system-out/>
  <testcase classname="testCases.TC001_TRAVELINSURANCE" name="travelInsuranceDateTest" time="4.485"/>
  <system-out/>
  <testcase classname="testCases.TC001_TRAVELINSURANCE" name="travelInsuranceSelectTwoTest" time="2.254"/>
  <system-out/>
  <testcase classname="testCases.TC001_TRAVELINSURANCE" name="travelInsuranceSelectNoTest" time="0.728"/>
  <system-out/>
  <testcase classname="testCases.TC001_TRAVELINSURANCE" name="travelInsuranceMobileNumTest" time="1.897"/>
  <system-out/>
  <testcase classname="testCases.TC001_TRAVELINSURANCE" name="travelInsuranceselectStudentTest" time="7.351"/>
  <system-out/>
  <testcase classname="testCases.TC001_TRAVELINSURANCE" name="travelInsuranceSelectTravellerTest" time="1.750"/>
  <system-out/>
  <testcase classname="testCases.TC001_TRAVELINSURANCE" name="travelInsuranceLowToHighTest" time="37.709"/>
  <system-out/>
</testsuite> <!-- testCases.TC001_TRAVELINSURANCE -->
