<?xml version="1.0" encoding="UTF-8"?>
<!-- Generated by org.testng.reporters.JUnitReportReporter -->
<testsuite hostname="LTIN274043" failures="0" tests="8" name="testCases.TC001_TRAVELINSURANCE" time="38.647" errors="0" timestamp="2024-02-27T16:41:01 IST" skipped="0">
  <testcase classname="testCases.TC001_TRAVELINSURANCE" name="travelInsuranceClickTest" time="9.780"/>
  <system-out/>
  <testcase classname="testCases.TC001_TRAVELINSURANCE" name="travelInsuranceDateTest" time="3.761"/>
  <system-out/>
  <testcase classname="testCases.TC001_TRAVELINSURANCE" name="travelInsuranceSelectTwoTest" time="3.396"/>
  <system-out/>
  <testcase classname="testCases.TC001_TRAVELINSURANCE" name="travelInsuranceSelectNoTest" time="1.465"/>
  <system-out/>
  <testcase classname="testCases.TC001_TRAVELINSURANCE" name="travelInsuranceMobileNumTest" time="2.234"/>
  <system-out/>
  <testcase classname="testCases.TC001_TRAVELINSURANCE" name="travelInsuranceselectStudentTest" time="5.136"/>
  <system-out/>
  <testcase classname="testCases.TC001_TRAVELINSURANCE" name="travelInsuranceSelectTravellerTest" time="1.239"/>
  <system-out/>
  <testcase classname="testCases.TC001_TRAVELINSURANCE" name="travelInsuranceLowToHighTest" time="11.636"/>
  <system-out/>
</testsuite> <!-- testCases.TC001_TRAVELINSURANCE -->
