<?xml version="1.0" encoding="UTF-8"?>
<!-- Generated by org.testng.reporters.JUnitReportReporter -->
<testsuite hostname="LTIN274043" failures="0" tests="5" name="testCases.TC002_CARINSURANCE" time="12.485" errors="0" timestamp="2024-02-29T11:41:36 IST" skipped="0">
  <testcase classname="testCases.TC002_CARINSURANCE" name="carInsuranceClickTest" time="3.501"/>
  <system-out/>
  <testcase classname="testCases.TC002_CARINSURANCE" name="carInsuranceCarNumTest" time="0.492"/>
  <system-out/>
  <testcase classname="testCases.TC002_CARINSURANCE" name="carInsuranceCarNumValueTest" time="0.752"/>
  <system-out/>
  <testcase classname="testCases.TC002_CARINSURANCE" name="carInsuranceformFillTest" time="1.753"/>
  <system-out/>
  <testcase classname="testCases.TC002_CARINSURANCE" name="clickPolicybazaar" time="5.987"/>
  <system-out/>
</testsuite> <!-- testCases.TC002_CARINSURANCE -->
