<?xml version="1.0" encoding="UTF-8"?>
<!-- Generated by org.testng.reporters.JUnitReportReporter -->
<testsuite hostname="LTIN274043" failures="0" tests="5" name="testCases.TC002_CARINSURANCE" time="8.218" errors="0" timestamp="2024-02-27T16:41:01 IST" skipped="0">
  <testcase classname="testCases.TC002_CARINSURANCE" name="carInsuranceClickTest" time="2.925"/>
  <system-out/>
  <testcase classname="testCases.TC002_CARINSURANCE" name="carInsuranceCarNumTest" time="0.652"/>
  <system-out/>
  <testcase classname="testCases.TC002_CARINSURANCE" name="carInsuranceCarNumValueTest" time="0.722"/>
  <system-out/>
  <testcase classname="testCases.TC002_CARINSURANCE" name="carInsuranceformFillTest" time="1.812"/>
  <system-out/>
  <testcase classname="testCases.TC002_CARINSURANCE" name="clickPolicybazaar" time="2.107"/>
  <system-out/>
</testsuite> <!-- testCases.TC002_CARINSURANCE -->
