<?xml version="1.0" encoding="UTF-8"?>
<!-- Generated by org.testng.reporters.JUnitReportReporter -->
<testsuite hostname="LTIN274043" failures="0" tests="2" name="testCases.TC003_HEALTHINSURANCE" time="4.462" errors="0" timestamp="2024-03-08T10:55:18 IST" skipped="0">
  <testcase classname="testCases.TC003_HEALTHINSURANCE" name="moveTohealthInsurance" time="0.436"/>
  <system-out/>
  <testcase classname="testCases.TC003_HEALTHINSURANCE" name="healthInsuranceTest" time="4.026"/>
  <system-out/>
</testsuite> <!-- testCases.TC003_HEALTHINSURANCE -->
