<?xml version="1.0" encoding="UTF-8"?>
<!-- Generated by org.testng.reporters.JUnitReportReporter -->
<testsuite hostname="LTIN274043" failures="0" tests="5" name="testCases.TC002_CARINSURANCE" time="95.507" errors="0" timestamp="2024-03-08T10:55:18 IST" skipped="0">
  <testcase classname="testCases.TC002_CARINSURANCE" name="carInsuranceClickTest" time="6.753"/>
  <system-out/>
  <testcase classname="testCases.TC002_CARINSURANCE" name="carInsuranceCarNumTest" time="21.053"/>
  <system-out/>
  <testcase classname="testCases.TC002_CARINSURANCE" name="carInsuranceCarNumValueTest" time="21.110"/>
  <system-out/>
  <testcase classname="testCases.TC002_CARINSURANCE" name="carInsuranceformFillTest" time="22.536"/>
  <system-out/>
  <testcase classname="testCases.TC002_CARINSURANCE" name="clickPolicybazaar" time="24.055"/>
  <system-out/>
</testsuite> <!-- testCases.TC002_CARINSURANCE -->
