<?xml version="1.0" encoding="UTF-8"?>
<!-- Generated by org.testng.reporters.JUnitReportReporter -->
<testsuite hostname="LTIN274043" failures="0" tests="2" name="testCases.TC003_HEALTHINSURANCE" time="2.909" errors="0" timestamp="2024-03-15T11:16:49 IST" skipped="0">
  <testcase classname="testCases.TC003_HEALTHINSURANCE" name="moveTohealthInsurance" time="0.198"/>
  <system-out/>
  <testcase classname="testCases.TC003_HEALTHINSURANCE" name="healthInsuranceTest" time="2.711"/>
  <system-out/>
</testsuite> <!-- testCases.TC003_HEALTHINSURANCE -->
