<?xml version="1.0" encoding="UTF-8"?>
<!-- Generated by org.testng.reporters.JUnitReportReporter -->
<testsuite hostname="LTIN274043" failures="0" tests="8" name="testCases.TC001_TRAVELINSURANCE" time="44.110" errors="0" timestamp="2024-03-15T11:16:49 IST" skipped="0">
  <testcase classname="testCases.TC001_TRAVELINSURANCE" name="travelInsuranceClickTest" time="10.315"/>
  <system-out/>
  <testcase classname="testCases.TC001_TRAVELINSURANCE" name="travelInsuranceDateTest" time="2.846"/>
  <system-out/>
  <testcase classname="testCases.TC001_TRAVELINSURANCE" name="travelInsuranceSelectTwoTest" time="2.031"/>
  <system-out/>
  <testcase classname="testCases.TC001_TRAVELINSURANCE" name="travelInsuranceSelectNoTest" time="0.507"/>
  <system-out/>
  <testcase classname="testCases.TC001_TRAVELINSURANCE" name="travelInsuranceMobileNumTest" time="1.420"/>
  <system-out/>
  <testcase classname="testCases.TC001_TRAVELINSURANCE" name="travelInsuranceselectStudentTest" time="10.278"/>
  <system-out/>
  <testcase classname="testCases.TC001_TRAVELINSURANCE" name="travelInsuranceSelectTravellerTest" time="6.493"/>
  <system-out/>
  <testcase classname="testCases.TC001_TRAVELINSURANCE" name="travelInsuranceLowToHighTest" time="10.220"/>
  <system-out/>
</testsuite> <!-- testCases.TC001_TRAVELINSURANCE -->
