<?xml version="1.0" encoding="UTF-8"?>
<!-- Generated by org.testng.reporters.JUnitReportReporter -->
<testsuite hostname="LTIN274043" failures="0" tests="8" name="testCases.TC001_TRAVELINSURANCE" time="63.664" errors="0" timestamp="2024-02-29T11:41:36 IST" skipped="0">
  <testcase classname="testCases.TC001_TRAVELINSURANCE" name="travelInsuranceClickTest" time="37.693"/>
  <system-out/>
  <testcase classname="testCases.TC001_TRAVELINSURANCE" name="travelInsuranceDateTest" time="3.680"/>
  <system-out/>
  <testcase classname="testCases.TC001_TRAVELINSURANCE" name="travelInsuranceSelectTwoTest" time="2.258"/>
  <system-out/>
  <testcase classname="testCases.TC001_TRAVELINSURANCE" name="travelInsuranceSelectNoTest" time="0.667"/>
  <system-out/>
  <testcase classname="testCases.TC001_TRAVELINSURANCE" name="travelInsuranceMobileNumTest" time="2.318"/>
  <system-out/>
  <testcase classname="testCases.TC001_TRAVELINSURANCE" name="travelInsuranceselectStudentTest" time="6.972"/>
  <system-out/>
  <testcase classname="testCases.TC001_TRAVELINSURANCE" name="travelInsuranceSelectTravellerTest" time="1.384"/>
  <system-out/>
  <testcase classname="testCases.TC001_TRAVELINSURANCE" name="travelInsuranceLowToHighTest" time="8.692"/>
  <system-out/>
</testsuite> <!-- testCases.TC001_TRAVELINSURANCE -->
