<?xml version="1.0" encoding="UTF-8"?>
<!-- Generated by org.testng.reporters.JUnitReportReporter -->
<testsuite hostname="LTIN274043" failures="0" tests="8" name="testCases.TC001_TRAVELINSURANCE" time="39.274" errors="0" timestamp="2024-03-04T09:46:32 IST" skipped="0">
  <testcase classname="testCases.TC001_TRAVELINSURANCE" name="travelInsuranceClickTest" time="10.557"/>
  <system-out/>
  <testcase classname="testCases.TC001_TRAVELINSURANCE" name="travelInsuranceDateTest" time="3.928"/>
  <system-out/>
  <testcase classname="testCases.TC001_TRAVELINSURANCE" name="travelInsuranceSelectTwoTest" time="2.891"/>
  <system-out/>
  <testcase classname="testCases.TC001_TRAVELINSURANCE" name="travelInsuranceSelectNoTest" time="0.715"/>
  <system-out/>
  <testcase classname="testCases.TC001_TRAVELINSURANCE" name="travelInsuranceMobileNumTest" time="6.614"/>
  <system-out/>
  <testcase classname="testCases.TC001_TRAVELINSURANCE" name="travelInsuranceselectStudentTest" time="7.538"/>
  <system-out/>
  <testcase classname="testCases.TC001_TRAVELINSURANCE" name="travelInsuranceSelectTravellerTest" time="1.073"/>
  <system-out/>
  <testcase classname="testCases.TC001_TRAVELINSURANCE" name="travelInsuranceLowToHighTest" time="5.958"/>
  <system-out/>
</testsuite> <!-- testCases.TC001_TRAVELINSURANCE -->
