<?xml version="1.0" encoding="UTF-8"?>
<!-- Generated by org.testng.reporters.JUnitReportReporter -->
<testsuite hostname="LTIN274043" failures="0" tests="5" name="testCases.TC002_CARINSURANCE" time="24.067" errors="0" timestamp="2024-03-04T09:46:32 IST" skipped="0">
  <testcase classname="testCases.TC002_CARINSURANCE" name="carInsuranceClickTest" time="3.374"/>
  <system-out/>
  <testcase classname="testCases.TC002_CARINSURANCE" name="carInsuranceCarNumTest" time="0.371"/>
  <system-out/>
  <testcase classname="testCases.TC002_CARINSURANCE" name="carInsuranceCarNumValueTest" time="0.664"/>
  <system-out/>
  <testcase classname="testCases.TC002_CARINSURANCE" name="carInsuranceformFillTest" time="2.017"/>
  <system-out/>
  <testcase classname="testCases.TC002_CARINSURANCE" name="clickPolicybazaar" time="17.641"/>
  <system-out/>
</testsuite> <!-- testCases.TC002_CARINSURANCE -->
