<?xml version="1.0" encoding="UTF-8"?>
<!-- Generated by org.testng.reporters.JUnitReportReporter -->
<testsuite hostname="LTIN274043" failures="0" tests="5" name="testCases.TC002_CARINSURANCE" time="11.231" errors="0" timestamp="2024-03-15T11:16:49 IST" skipped="0">
  <testcase classname="testCases.TC002_CARINSURANCE" name="carInsuranceClickTest" time="4.971"/>
  <system-out/>
  <testcase classname="testCases.TC002_CARINSURANCE" name="carInsuranceCarNumTest" time="0.856"/>
  <system-out/>
  <testcase classname="testCases.TC002_CARINSURANCE" name="carInsuranceCarNumValueTest" time="0.719"/>
  <system-out/>
  <testcase classname="testCases.TC002_CARINSURANCE" name="carInsuranceformFillTest" time="3.106"/>
  <system-out/>
  <testcase classname="testCases.TC002_CARINSURANCE" name="clickPolicybazaar" time="1.579"/>
  <system-out/>
</testsuite> <!-- testCases.TC002_CARINSURANCE -->
