<?xml version="1.0" encoding="UTF-8"?>
<!-- Generated by org.testng.reporters.JUnitReportReporter -->
<testsuite hostname="LTIN274043" failures="0" tests="2" name="testCases.TC003_HEALTHINSURANCE" time="3.404" errors="0" timestamp="2024-02-29T11:41:36 IST" skipped="0">
  <testcase classname="testCases.TC003_HEALTHINSURANCE" name="moveTohealthInsurance" time="0.307"/>
  <system-out/>
  <testcase classname="testCases.TC003_HEALTHINSURANCE" name="healthInsuranceTest" time="3.097"/>
  <system-out/>
</testsuite> <!-- testCases.TC003_HEALTHINSURANCE -->
