<?xml version="1.0" encoding="UTF-8"?>
<!-- Generated by org.testng.reporters.JUnitReportReporter -->
<testsuite hostname="LTIN274043" failures="0" tests="2" name="testCases.TC003_HEALTHINSURANCE" time="2.896" errors="0" timestamp="2024-02-27T16:41:01 IST" skipped="0">
  <testcase classname="testCases.TC003_HEALTHINSURANCE" name="moveTohealthInsurance" time="0.395"/>
  <system-out/>
  <testcase classname="testCases.TC003_HEALTHINSURANCE" name="healthInsuranceTest" time="2.501"/>
  <system-out/>
</testsuite> <!-- testCases.TC003_HEALTHINSURANCE -->
